Content-Type: text/plain; charset="utf-8"
MIME-Version: 1.0
Content-Transfer-Encoding: 8bit
Subject: =?utf-8?q?Redefini=C3=A7=C3=A3o_de_senha?=
From: no-reply@example.com
To: liniker.rafael00@gmail.com
Date: Sat, 18 Oct 2025 16:16:06 -0000
Message-ID: <176080416650.10596.4189333201260870611@Link>

<!DOCTYPE html>
<html lang="pt-BR">
  <head>
    <meta charset="utf-8" />
    <title>Redefinição de senha</title>
    <meta name="viewport" content="width=device-width, initial-scale=1" />
    <style>
      body { font-family: Arial, sans-serif; color: #222; }
      .btn { display: inline-block; background-color: #2563eb; color: #fff; text-decoration: none; padding: 10px 16px; border-radius: 6px; }
      .muted { color: #666; font-size: 13px; }
    </style>
  </head>
  <body>
    <p>Olá,</p>
    <p>Recebemos uma solicitação para redefinir a sua senha.</p>
    <p>Para continuar, clique no botão abaixo:</p>
    <p>
      <a class="btn" href="http://127.0.0.1:8000/reset/ZWIxYjUzODYtMDBiNy00MWMzLTg3MDUtZTAzZjdmMTBhMTk3/cxve6u-0c002efb8ea6fa1dfecb4b3a3cf5f38c/">Redefinir minha senha</a>
    </p>
    <p>Se preferir, copie e cole o link no navegador:</p>
    <p><a href="http://127.0.0.1:8000/reset/ZWIxYjUzODYtMDBiNy00MWMzLTg3MDUtZTAzZjdmMTBhMTk3/cxve6u-0c002efb8ea6fa1dfecb4b3a3cf5f38c/">http://127.0.0.1:8000/reset/ZWIxYjUzODYtMDBiNy00MWMzLTg3MDUtZTAzZjdmMTBhMTk3/cxve6u-0c002efb8ea6fa1dfecb4b3a3cf5f38c/</a></p>
    <p class="muted">Se você não solicitou esta alteração, pode ignorar este e‑mail.</p>
    <p class="muted">Este link expira após algum tempo por motivos de segurança.</p>
  </body>
</html>
-------------------------------------------------------------------------------
