Content-Type: text/plain; charset="utf-8"
MIME-Version: 1.0
Content-Transfer-Encoding: 8bit
Subject: =?utf-8?q?Redefini=C3=A7=C3=A3o_de_senha_-_Minha_Plataforma?=
From: no-reply@example.com
To: liniker.rafael00@gmail.com
Date: Sun, 19 Oct 2025 01:09:57 -0000
Message-ID: <176083619720.22552.7924327067017481874@Link>

<!DOCTYPE html>
<html lang="pt-BR">
  <head>
    <meta charset="utf-8" />
    <title>Redefinição de senha - Minha Plataforma</title>
    <meta name="viewport" content="width=device-width, initial-scale=1" />
    <style>
      body { font-family: Arial, sans-serif; color: #1f2937; line-height: 1.6; }
      .btn { display: inline-block; background-color: #2563eb; color: #fff; text-decoration: none; padding: 10px 16px; border-radius: 6px; }
      .muted { color: #6b7280; font-size: 13px; }
      .container { max-width: 600px; margin: 0 auto; padding: 12px; }
    </style>
  </head>
  <body>
    <div class="container">
      <p>Olá,</p>
      <p>Recebemos uma solicitação para redefinir sua senha na <strong>Minha Plataforma</strong>.</p>
      <p>Para continuar com segurança, clique no botão abaixo:</p>
      <p>
        <a class="btn" href="http://localhost:8000/reset/ZWIxYjUzODYtMDBiNy00MWMzLTg3MDUtZTAzZjdmMTBhMTk3/cxw2wl-5863d2d232dfec01b55fb4caa3550143/">Redefinir minha senha</a>
      </p>
      <p>Se preferir, copie e cole o link no navegador:</p>
      <p><a href="http://localhost:8000/reset/ZWIxYjUzODYtMDBiNy00MWMzLTg3MDUtZTAzZjdmMTBhMTk3/cxw2wl-5863d2d232dfec01b55fb4caa3550143/">http://localhost:8000/reset/ZWIxYjUzODYtMDBiNy00MWMzLTg3MDUtZTAzZjdmMTBhMTk3/cxw2wl-5863d2d232dfec01b55fb4caa3550143/</a></p>
      <p class="muted">Se você não solicitou esta alteração, ignore este e‑mail. Não é necessária nenhuma ação.</p>
      <p class="muted">Por segurança, este link expira em breve. Caso expire, solicite uma nova redefinição.</p>
      <p class="muted">Atenciosamente,<br/>Equipe Minha Plataforma</p>
    </div>
  </body>
</html>

-------------------------------------------------------------------------------
